1601774511185	geckodriver	INFO	Listening on 127.0.0.1:49715
1601774514239	mozrunner::runner	INFO	Running command: "C:\\Program Files\\Mozilla Firefox\\firefox.exe" "--marionette" "--headless" "--incognito" "--disable-gpu" "--disable-extensions" "--no-proxy-server" "user-agent=Mozilla/5.0 (X11; Linux x86_64) AppleWebKit/537.36 (KHTML, like Gecko) Chrome/60.0.3112.50 Safari/537.36" "-foreground" "-no-remote" "-profile" "C:\\Users\\Brendan\\AppData\\Local\\Temp\\rust_mozprofilechR3N2"
*** You are running in headless mode.
JavaScript error: resource://gre/modules/XULStore.jsm, line 66: Error: Can't find profile directory.
console.error: SearchCache: "_readCacheFile: Error reading cache file:" (new Error("", "(unknown module)"))
1601774516570	Marionette	INFO	Listening on port 49724
1601774516904	Marionette	WARN	TLS certificate errors will be ignored for this session
A content process crashed and MOZ_CRASHREPORTER_SHUTDOWN is set, shutting down
[Parent 16704, Gecko_IOThread] WARNING: file /builds/worker/checkouts/gecko/ipc/chromium/src/base/process_util_win.cc, line 166
1601774734916	Marionette	INFO	Stopped listening on port 49724
gent=Mozilla/5.0 (X11; Linux x86_64) AppleWebKit/537.36 (KHTML, like Gecko) Chrome/60.0.3112.50 Safari/537.36" "-foreground" "-no-remote" "-profile" "C:\\Users\\Brendan\\AppData\\Local\\Temp\\rust_mozprofileiTHB6u"
*** You are running in headless mode.
JavaScript error: resource://gre/modules/XULStore.jsm, line 66: Error: Can't find profile directory.
console.error: SearchCache: "_readCacheFile: Error reading cache file:" (new Error("", "(unknown module)"))
1601774644914	Marionette	INFO	Listening on port 49927
1601774644994	Marionette	WARN	TLS certificate errors will be ignored for this session
1601774886501	geckodriver	INFO	Listening on 127.0.0.1:50222
1601774889526	mozrunner::runner	INFO	Running command: "C:\\Program Files\\Mozilla Firefox\\firefox.exe" "--marionette" "--headless" "--incognito" "--disable-gpu" "--disable-extensions" "--no-proxy-server" "user-agent=Mozilla/5.0 (X11; Linux x86_64) AppleWebKit/537.36 (KHTML, like Gecko) Chrome/60.0.3112.50 Safari/537.36" "-foreground" "-no-remote" "-profile" "C:\\Users\\Brendan\\AppData\\Local\\Temp\\rust_mozprofileBALwyn"
*** You are running in headless mode.
JavaScript error: resource://gre/modules/XULStore.jsm, line 66: Error: Can't find profile directory.
console.error: SearchCache: "_readCacheFile: Error reading cache file:" (new Error("", "(unknown module)"))
1601774890750	Marionette	INFO	Listening on port 50231
1601774891068	Marionette	WARN	TLS certificate errors will be ignored for this session
JavaScript error: , line 0: NS_ERROR_NOT_AVAILABLE

###!!! [Parent][MessageChannel] Error: (msgtype=0x39013A,name=PContent::Msg_AsyncMessage) Channel error: cannot send/recv

A content process crashed and MOZ_CRASHREPORTER_SHUTDOWN is set, shutting down
[Parent 10580, Gecko_IOThread] WARNING: file /builds/worker/checkouts/gecko/ipc/chromium/src/base/process_util_win.cc, line 166
1601777546913	Marionette	INFO	Stopped listening on port 50231
Local\\Temp\\rust_mozprofile8vZ71E"
*** You are running in headless mode.
JavaScript error: resource://gre/modules/XULStore.jsm, line 66: Error: Can't find profile directory.
console.error: SearchCache: "_readCacheFile: Error reading cache file:" (new Error("", "(unknown module)"))
1601775022148	Marionette	INFO	Listening on port 50425
1601775022357	Marionette	WARN	TLS certificate errors will be ignored for this session
1601775160977	geckodriver	INFO	Listening on 127.0.0.1:50607
1601775164003	mozrunner::runner	INFO	Running command: "C:\\Program Files\\Mozilla Firefox\\firefox.exe" "--marionette" "--headless" "--incognito" "--disable-gpu" "--disable-extensions" "--no-proxy-server" "user-agent=Mozilla/5.0 (X11; Linux x86_64) AppleWebKit/537.36 (KHTML, like Gecko) Chrome/60.0.3112.50 Safari/537.36" "-foreground" "-no-remote" "-profile" "C:\\Users\\Brendan\\AppData\\Local\\Temp\\rust_mozprofileSq4zrB"
*** You are running in headless mode.
JavaScript error: resource://gre/modules/XULStore.jsm, line 66: Error: Can't find profile directory.
console.error: SearchCache: "_readCacheFile: Error reading cache file:" (new Error("", "(unknown module)"))
1601775165534	Marionette	INFO	Listening on port 50615
1601775166041	Marionette	WARN	TLS certificate errors will be ignored for this session
JavaScript warning: https://kiybdhzql-g.global.ssl.fastly.net/FOC8H91D6C-xfzd30.js line 1 > eval, line 1: WebGL warning: <Create>: Can't use WebGL in headless mode (https://bugzil.la/1375585).
JavaScript warning: https://kiybdhzql-g.global.ssl.fastly.net/FOC8H91D6C-xfzd30.js line 1 > eval, line 1: Failed to create WebGL context: WebGL creation failed: 
* Can't use WebGL in headless mode (https://bugzil.la/1375585).
JavaScript warning: https://kiybdhzql-g.global.ssl.fastly.net/FOC8H91D6C-xfzd30.js line 1 > eval, line 1: WebGL warning: <Create>: Can't use WebGL in headless mode (https://bugzil.la/1375585).
JavaScript warning: https://kiybdhzql-g.global.ssl.fastly.net/FOC8H91D6C-xfzd30.js line 1 > eval, line 1: Failed to create WebGL context: WebGL creation failed: 
* Can't use WebGL in headless mode (https://bugzil.la/1375585).
JavaScript error: , line 0: NS_ERROR_NOT_AVAILABLE

###!!! [Parent][MessageChannel] Error: (msgtype=0x39013A,name=PContent::Msg_AsyncMessage) Channel error: cannot send/recv

A content process crashed and MOZ_CRASHREPORTER_SHUTDOWN is set, shutting down
[Parent 8896, Gecko_IOThread] WARNING: file /builds/worker/checkouts/gecko/ipc/chromium/src/base/process_util_win.cc, line 166
1601777543981	Marionette	INFO	Stopped listening on port 50615
\rust_mozprofilef38mrl"
console.error: SearchCache: "_readCacheFile: Error reading cache file:" (new Error("", "(unknown module)"))
JavaScript error: resource://gre/modules/XULStore.jsm, line 66: Error: Can't find profile directory.
1601775370294	Marionette	INFO	Listening on port 50803
1601775370325	Marionette	WARN	TLS certificate errors will be ignored for this session
1601775440331	Marionette	INFO	Stopped listening on port 50803
IPDL protocol error: Handler returned error code!

###!!! [Parent][DispatchAsyncMessage] Error: PLayerTransaction::Msg_ReleaseLayer Processing error: message was deserialized, but the handler returned false (indicating failure)

IPDL protocol error: Handler returned error code!

###!!! [Parent][DispatchAsyncMessage] Error: PLayerTransaction::Msg_ReleaseLayer Processing error: message was deserialized, but the handler returned false (indicating failure)


###!!! [Child][RunMessage] Error: Channel closing: too late to send/recv, messages will be lost


###!!! [Child][MessageChannel::SendAndWait] Error: Channel error: cannot send/recv

1601777490970	geckodriver	INFO	Listening on 127.0.0.1:51973
1601777494015	mozrunner::runner	INFO	Running command: "C:\\Program Files\\Mozilla Firefox\\firefox.exe" "--marionette" "--incognito" "--disable-gpu" "--disable-extensions" "--no-proxy-server" "user-agent=Mozilla/5.0 (X11; Linux x86_64) AppleWebKit/537.36 (KHTML, like Gecko) Chrome/60.0.3112.50 Safari/537.36" "-foreground" "-no-remote" "-profile" "C:\\Users\\Brendan\\AppData\\Local\\Temp\\rust_mozprofileH0QX3f"
console.error: SearchCache: "_readCacheFile: Error reading cache file:" (new Error("", "(unknown module)"))
JavaScript error: resource://gre/modules/XULStore.jsm, line 66: Error: Can't find profile directory.
1601777495534	Marionette	INFO	Listening on port 51982
1601777495551	Marionette	WARN	TLS certificate errors will be ignored for this session
IPDL protocol error: Handler returned error code!

###!!! [Parent][DispatchAsyncMessage] Error: PLayerTransaction::Msg_ReleaseLayer Processing error: message was deserialized, but the handler returned false (indicating failure)

IPDL protocol error: Handler returned error code!

###!!! [Parent][DispatchAsyncMessage] Error: PLayerTransaction::Msg_ReleaseLayer Processing error: message was deserialized, but the handler returned false (indicating failure)

[Child 7972, Chrome_ChildThread] WARNING: pipe error: 232: file /builds/worker/checkouts/gecko/ipc/chromium/src/chrome/common/ipc_channel_win.cc, line 545
[Child 7972, Chrome_ChildThread] WARNING: pipe error: 232: file /builds/worker/checkouts/gecko/ipc/chromium/src/chrome/common/ipc_channel_win.cc, line 545
[Child 7972, Chrome_ChildThread] WARNING: pipe error: 232: file /builds/worker/checkouts/gecko/ipc/chromium/src/chrome/common/ipc_channel_win.cc, line 545
[Child 7972, Chrome_ChildThread] WARNING: pipe error: 232: file /builds/worker/checkouts/gecko/ipc/chromium/src/chrome/common/ipc_channel_win.cc, line 545
1601777538706	Marionette	INFO	Stopped listening on port 51982

###!!! [Child][RunMessage] Error: Channel closing: too late to send/recv, messages will be lost


###!!! [Child][MessageChannel::SendAndWait] Error: Channel error: cannot send/recv

1601777586794	geckodriver	INFO	Listening on 127.0.0.1:52149
1601777589832	mozrunner::runner	INFO	Running command: "C:\\Program Files\\Mozilla Firefox\\firefox.exe" "--marionette" "--incognito" "--disable-gpu" "--disable-extensions" "--no-proxy-server" "user-agent=Mozilla/5.0 (X11; Linux x86_64) AppleWebKit/537.36 (KHTML, like Gecko) Chrome/60.0.3112.50 Safari/537.36" "-foreground" "-no-remote" "-profile" "C:\\Users\\Brendan\\AppData\\Local\\Temp\\rust_mozprofileA7vD7x"
console.error: SearchCache: "_readCacheFile: Error reading cache file:" (new Error("", "(unknown module)"))
JavaScript error: resource://gre/modules/XULStore.jsm, line 66: Error: Can't find profile directory.
1601777591323	Marionette	INFO	Listening on port 52159
1601777591369	Marionette	WARN	TLS certificate errors will be ignored for this session
1601777601540	Marionette	INFO	Stopped listening on port 52159
IPDL protocol error: Handler returned error code!

###!!! [Parent][DispatchAsyncMessage] Error: PLayerTransaction::Msg_ReleaseLayer Processing error: message was deserialized, but the handler returned false (indicating failure)

IPDL protocol error: Handler returned error code!

###!!! [Parent][DispatchAsyncMessage] Error: PLayerTransaction::Msg_ReleaseLayer Processing error: message was deserialized, but the handler returned false (indicating failure)


###!!! [Child][RunMessage] Error: Channel closing: too late to send/recv, messages will be lost


###!!! [Child][MessageChannel::SendAndWait] Error: Channel error: cannot send/recv

1601777654185	geckodriver	INFO	Listening on 127.0.0.1:52310
1601777657245	mozrunner::runner	INFO	Running command: "C:\\Program Files\\Mozilla Firefox\\firefox.exe" "--marionette" "--incognito" "--disable-gpu" "--disable-extensions" "--no-proxy-server" "user-agent=Mozilla/5.0 (X11; Linux x86_64) AppleWebKit/537.36 (KHTML, like Gecko) Chrome/60.0.3112.50 Safari/537.36" "-foreground" "-no-remote" "-profile" "C:\\Users\\Brendan\\AppData\\Local\\Temp\\rust_mozprofileqXuz5e"
console.error: SearchCache: "_readCacheFile: Error reading cache file:" (new Error("", "(unknown module)"))
JavaScript error: resource://gre/modules/XULStore.jsm, line 66: Error: Can't find profile directory.
1601777658743	Marionette	INFO	Listening on port 52319
1601777658763	Marionette	WARN	TLS certificate errors will be ignored for this session
1601777667686	Marionette	INFO	Stopped listening on port 52319

###!!! [Child][RunMessage] Error: Channel closing: too late to send/recv, messages will be lost


###!!! [Child][MessageChannel::SendAndWait] Error: Channel error: cannot send/recv

1601778280303	geckodriver	INFO	Listening on 127.0.0.1:52812
1601778283351	mozrunner::runner	INFO	Running command: "C:\\Program Files\\Mozilla Firefox\\firefox.exe" "--marionette" "--incognito" "--disable-gpu" "--disable-extensions" "--no-proxy-server" "user-agent=Mozilla/5.0 (X11; Linux x86_64) AppleWebKit/537.36 (KHTML, like Gecko) Chrome/60.0.3112.50 Safari/537.36" "-foreground" "-no-remote" "-profile" "C:\\Users\\Brendan\\AppData\\Local\\Temp\\rust_mozprofileKOgPj8"
console.error: SearchCache: "_readCacheFile: Error reading cache file:" (new Error("", "(unknown module)"))
JavaScript error: resource://gre/modules/XULStore.jsm, line 66: Error: Can't find profile directory.
1601778284845	Marionette	INFO	Listening on port 52821
1601778284901	Marionette	WARN	TLS certificate errors will be ignored for this session
1601778302425	Marionette	INFO	Stopped listening on port 52821

###!!! [Child][MessageChannel::SendAndWait] Error: Channel error: cannot send/recv

1601778337220	geckodriver	INFO	Listening on 127.0.0.1:52954
1601778340258	mozrunner::runner	INFO	Running command: "C:\\Program Files\\Mozilla Firefox\\firefox.exe" "--marionette" "--incognito" "--disable-gpu" "--disable-extensions" "--no-proxy-server" "user-agent=Mozilla/5.0 (X11; Linux x86_64) AppleWebKit/537.36 (KHTML, like Gecko) Chrome/60.0.3112.50 Safari/537.36" "-foreground" "-no-remote" "-profile" "C:\\Users\\Brendan\\AppData\\Local\\Temp\\rust_mozprofilezENPku"
console.error: SearchCache: "_readCacheFile: Error reading cache file:" (new Error("", "(unknown module)"))
JavaScript error: resource://gre/modules/XULStore.jsm, line 66: Error: Can't find profile directory.
1601778341745	Marionette	INFO	Listening on port 52964
1601778341786	Marionette	WARN	TLS certificate errors will be ignored for this session
1601778369813	Marionette	INFO	Stopped listening on port 52964

###!!! [Child][RunMessage] Error: Channel closing: too late to send/recv, messages will be lost


###!!! [Child][MessageChannel::SendAndWait] Error: Channel error: cannot send/recv

1601778389925	geckodriver	INFO	Listening on 127.0.0.1:53098
1601778392949	mozrunner::runner	INFO	Running command: "C:\\Program Files\\Mozilla Firefox\\firefox.exe" "--marionette" "--incognito" "--disable-gpu" "--disable-extensions" "--no-proxy-server" "user-agent=Mozilla/5.0 (X11; Linux x86_64) AppleWebKit/537.36 (KHTML, like Gecko) Chrome/60.0.3112.50 Safari/537.36" "-foreground" "-no-remote" "-profile" "C:\\Users\\Brendan\\AppData\\Local\\Temp\\rust_mozprofilefQNyY2"
console.error: SearchCache: "_readCacheFile: Error reading cache file:" (new Error("", "(unknown module)"))
JavaScript error: resource://gre/modules/XULStore.jsm, line 66: Error: Can't find profile directory.
1601778394440	Marionette	INFO	Listening on port 53107
1601778394477	Marionette	WARN	TLS certificate errors will be ignored for this session
1601778522144	Marionette	INFO	Stopped listening on port 53107

###!!! [Child][RunMessage] Error: Channel closing: too late to send/recv, messages will be lost


###!!! [Child][MessageChannel::SendAndWait] Error: Channel error: cannot send/recv

1601778695455	geckodriver	INFO	Listening on 127.0.0.1:53384
1601778698485	mozrunner::runner	INFO	Running command: "C:\\Program Files\\Mozilla Firefox\\firefox.exe" "--marionette" "--incognito" "--disable-gpu" "--disable-extensions" "--no-proxy-server" "-foreground" "-no-remote" "-profile" "C:\\Users\\Brendan\\AppData\\Local\\Temp\\rust_mozprofilejpUbfH"
JavaScript error: resource://gre/modules/XULStore.jsm, line 66: Error: Can't find profile directory.
console.error: SearchCache: "_readCacheFile: Error reading cache file:" (new Error("", "(unknown module)"))
1601778699843	Marionette	INFO	Listening on port 53396
1601778700030	Marionette	WARN	TLS certificate errors will be ignored for this session
1601778710894	Marionette	INFO	Stopped listening on port 53396
IPDL protocol error: Handler returned error code!

###!!! [Parent][DispatchAsyncMessage] Error: PLayerTransaction::Msg_ReleaseLayer Processing error: message was deserialized, but the handler returned false (indicating failure)

IPDL protocol error: Handler returned error code!

###!!! [Parent][DispatchAsyncMessage] Error: PLayerTransaction::Msg_ReleaseLayer Processing error: message was deserialized, but the handler returned false (indicating failure)


###!!! [Child][RunMessage] Error: Channel closing: too late to send/recv, messages will be lost


###!!! [Child][MessageChannel::SendAndWait] Error: Channel error: cannot send/recv

1601778817137	geckodriver	INFO	Listening on 127.0.0.1:53573
1601778820171	mozrunner::runner	INFO	Running command: "C:\\Program Files\\Mozilla Firefox\\firefox.exe" "--marionette" "--incognito" "--disable-gpu" "--disable-extensions" "--no-proxy-server" "-foreground" "-no-remote" "-profile" "C:\\Users\\Brendan\\AppData\\Local\\Temp\\rust_mozprofilec51UFb"
console.error: SearchCache: "_readCacheFile: Error reading cache file:" (new Error("", "(unknown module)"))
JavaScript error: resource://gre/modules/XULStore.jsm, line 66: Error: Can't find profile directory.
1601778821548	Marionette	INFO	Listening on port 53585
1601778821695	Marionette	WARN	TLS certificate errors will be ignored for this session
1601778833843	Marionette	INFO	Stopped listening on port 53585
IPDL protocol error: Handler returned error code!

###!!! [Parent][DispatchAsyncMessage] Error: PLayerTransaction::Msg_ReleaseLayer Processing error: message was deserialized, but the handler returned false (indicating failure)

IPDL protocol error: Handler returned error code!

###!!! [Parent][DispatchAsyncMessage] Error: PLayerTransaction::Msg_ReleaseLayer Processing error: message was deserialized, but the handler returned false (indicating failure)


###!!! [Child][RunMessage] Error: Channel closing: too late to send/recv, messages will be lost


###!!! [Child][MessageChannel::SendAndWait] Error: Channel error: cannot send/recv

1601779068243	geckodriver	INFO	Listening on 127.0.0.1:53854
1601779071279	mozrunner::runner	INFO	Running command: "C:\\Program Files\\Mozilla Firefox\\firefox.exe" "--marionette" "--incognito" "--disable-gpu" "--disable-extensions" "--no-proxy-server" "-foreground" "-no-remote" "-profile" "C:\\Users\\Brendan\\AppData\\Local\\Temp\\rust_mozprofileOMv6iJ"
console.error: SearchCache: "_readCacheFile: Error reading cache file:" (new Error("", "(unknown module)"))
JavaScript error: resource://gre/modules/XULStore.jsm, line 66: Error: Can't find profile directory.
1601779072428	Marionette	INFO	Listening on port 53863
1601779072828	Marionette	WARN	TLS certificate errors will be ignored for this session
1601779084349	Marionette	INFO	Stopped listening on port 53863

###!!! [Child][RunMessage] Error: Channel closing: too late to send/recv, messages will be lost


###!!! [Child][MessageChannel::SendAndWait] Error: Channel error: cannot send/recv

1601779117306	geckodriver	INFO	Listening on 127.0.0.1:53995
1601779120368	mozrunner::runner	INFO	Running command: "C:\\Program Files\\Mozilla Firefox\\firefox.exe" "--marionette" "--incognito" "--disable-gpu" "--disable-extensions" "--no-proxy-server" "-foreground" "-no-remote" "-profile" "C:\\Users\\Brendan\\AppData\\Local\\Temp\\rust_mozprofileNYZCTN"
console.error: SearchCache: "_readCacheFile: Error reading cache file:" (new Error("", "(unknown module)"))
JavaScript error: resource://gre/modules/XULStore.jsm, line 66: Error: Can't find profile directory.
1601779121747	Marionette	INFO	Listening on port 54006
1601779121899	Marionette	WARN	TLS certificate errors will be ignored for this session
1601779190366	Marionette	INFO	Stopped listening on port 54006
IPDL protocol error: Handler returned error code!

###!!! [Parent][DispatchAsyncMessage] Error: PLayerTransaction::Msg_ReleaseLayer Processing error: message was deserialized, but the handler returned false (indicating failure)

IPDL protocol error: Handler returned error code!

###!!! [Parent][DispatchAsyncMessage] Error: PLayerTransaction::Msg_ReleaseLayer Processing error: message was deserialized, but the handler returned false (indicating failure)


###!!! [Child][RunMessage] Error: Channel closing: too late to send/recv, messages will be lost


###!!! [Child][MessageChannel::SendAndWait] Error: Channel error: cannot send/recv

1601779232987	geckodriver	INFO	Listening on 127.0.0.1:54181
1601779236023	mozrunner::runner	INFO	Running command: "C:\\Program Files\\Mozilla Firefox\\firefox.exe" "--marionette" "--incognito" "--disable-gpu" "--disable-extensions" "--no-proxy-server" "-foreground" "-no-remote" "-profile" "C:\\Users\\Brendan\\AppData\\Local\\Temp\\rust_mozprofile8ylWLs"
console.error: SearchCache: "_readCacheFile: Error reading cache file:" (new Error("", "(unknown module)"))
JavaScript error: resource://gre/modules/XULStore.jsm, line 66: Error: Can't find profile directory.
1601779237380	Marionette	INFO	Listening on port 54190
1601779237558	Marionette	WARN	TLS certificate errors will be ignored for this session
1601779484659	Marionette	INFO	Stopped listening on port 54190

###!!! [Child][RunMessage] Error: Channel closing: too late to send/recv, messages will be lost


###!!! [Child][MessageChannel::SendAndWait] Error: Channel error: cannot send/recv

